<?xml version="1.0" encoding="UTF-8"?>
<!-- Generated by org.testng.reporters.JUnitXMLReporter -->
<testsuite hostname="Deva-Pc" ignored="4" name="Default test" tests="1" failures="0" timestamp="23 Nov 2017 19:06:09 GMT" time="0.209" errors="0">
  <testcase name="@BeforeTest initialize" time="0.167" classname="com.org.dapps.frameworkOne.baseTest">
    <failure type="org.openqa.selenium.WebDriverException" message="java.io.FileNotFoundException: dev\null (The system cannot find the path specified)
Build info: version: &amp;apos;3.7.1&amp;apos;, revision: &amp;apos;8a0099a&amp;apos;, time: &amp;apos;2017-11-06T21:01:39.354Z&amp;apos;
System info: host: &amp;apos;DEVA-PC&amp;apos;, ip: &amp;apos;192.168.0.118&amp;apos;, os.name: &amp;apos;Windows 10&amp;apos;, os.arch: &amp;apos;amd64&amp;apos;, os.version: &amp;apos;10.0&amp;apos;, java.version: &amp;apos;1.8.0_121&amp;apos;
Driver info: driver.version: FirefoxDriver">
      <![CDATA[org.openqa.selenium.WebDriverException: java.io.FileNotFoundException: dev\null (The system cannot find the path specified)
Build info: version: '3.7.1', revision: '8a0099a', time: '2017-11-06T21:01:39.354Z'
System info: host: 'DEVA-PC', ip: '192.168.0.118', os.name: 'Windows 10', os.arch: 'amd64', os.version: '10.0', java.version: '1.8.0_121'
Driver info: driver.version: FirefoxDriver
	at org.openqa.selenium.firefox.GeckoDriverService$Builder.createDriverService(GeckoDriverService.java:186)
	at org.openqa.selenium.firefox.GeckoDriverService$Builder.createDriverService(GeckoDriverService.java:108)
	at org.openqa.selenium.remote.service.DriverService$Builder.build(DriverService.java:344)
	at org.openqa.selenium.firefox.FirefoxDriver.toExecutor(FirefoxDriver.java:158)
	at org.openqa.selenium.firefox.FirefoxDriver.<init>(FirefoxDriver.java:120)
	at org.openqa.selenium.firefox.FirefoxDriver.<init>(FirefoxDriver.java:98)
	at com.org.dapps.frameworkOne.baseTest.initialize(baseTest.java:37)
	at sun.reflect.NativeMethodAccessorImpl.invoke0(Native Method)
	at sun.reflect.NativeMethodAccessorImpl.invoke(NativeMethodAccessorImpl.java:62)
	at sun.reflect.DelegatingMethodAccessorImpl.invoke(DelegatingMethodAccessorImpl.java:43)
	at java.lang.reflect.Method.invoke(Method.java:498)
	at org.testng.internal.MethodInvocationHelper.invokeMethod(MethodInvocationHelper.java:108)
	at org.testng.internal.Invoker.invokeConfigurationMethod(Invoker.java:523)
	at org.testng.internal.Invoker.invokeConfigurations(Invoker.java:224)
	at org.testng.internal.Invoker.invokeConfigurations(Invoker.java:146)
	at org.testng.TestRunner.beforeRun(TestRunner.java:626)
	at org.testng.TestRunner.run(TestRunner.java:594)
	at org.testng.SuiteRunner.runTest(SuiteRunner.java:380)
	at org.testng.SuiteRunner.runSequentially(SuiteRunner.java:375)
	at org.testng.SuiteRunner.privateRun(SuiteRunner.java:340)
	at org.testng.SuiteRunner.run(SuiteRunner.java:289)
	at org.testng.SuiteRunnerWorker.runSuite(SuiteRunnerWorker.java:52)
	at org.testng.SuiteRunnerWorker.run(SuiteRunnerWorker.java:86)
	at org.testng.TestNG.runSuitesSequentially(TestNG.java:1301)
	at org.testng.TestNG.runSuitesLocally(TestNG.java:1226)
	at org.testng.TestNG.runSuites(TestNG.java:1144)
	at org.testng.TestNG.run(TestNG.java:1115)
	at org.testng.remote.AbstractRemoteTestNG.run(AbstractRemoteTestNG.java:114)
	at org.testng.remote.RemoteTestNG.initAndRun(RemoteTestNG.java:251)
	at org.testng.remote.RemoteTestNG.main(RemoteTestNG.java:77)
Caused by: java.io.FileNotFoundException: dev\null (The system cannot find the path specified)
	at java.io.FileOutputStream.open0(Native Method)
	at java.io.FileOutputStream.open(FileOutputStream.java:270)
	at java.io.FileOutputStream.<init>(FileOutputStream.java:213)
	at java.io.FileOutputStream.<init>(FileOutputStream.java:101)
	at org.openqa.selenium.firefox.GeckoDriverService$Builder.createDriverService(GeckoDriverService.java:174)
	... 29 more
]]>
    </failure>
  </testcase> <!-- @BeforeTest initialize -->
  <testcase name="@AfterTest termination" time="0.0" classname="com.org.dapps.frameworkOne.baseTest">
    <skipped/>
  </testcase> <!-- @AfterTest termination -->
  <testcase name="samplerun" time="0.0" classname="com.org.dapps.frameworkOne.toTest">
    <skipped/>
  </testcase> <!-- samplerun -->
  <testcase name="@BeforeSuite config" time="0.0" classname="com.org.dapps.frameworkOne.baseTest">
    <ignored/>
  </testcase> <!-- @BeforeSuite config -->
  <testcase name="@AfterSuite finish" time="0.0" classname="com.org.dapps.frameworkOne.baseTest">
    <ignored/>
  </testcase> <!-- @AfterSuite finish -->
  <testcase name="@BeforeTest initialize" time="0.0" classname="com.org.dapps.frameworkOne.baseTest">
    <ignored/>
  </testcase> <!-- @BeforeTest initialize -->
  <testcase name="@AfterTest termination" time="0.0" classname="com.org.dapps.frameworkOne.baseTest">
    <ignored/>
  </testcase> <!-- @AfterTest termination -->
</testsuite> <!-- Default test -->
