<?xml version="1.0" encoding="UTF-8"?>
<!-- Generated by org.testng.reporters.JUnitXMLReporter -->
<testsuite hostname="Deva-Pc" ignored="0" name="Test" tests="1" failures="1" timestamp="26 Nov 2017 06:18:30 GMT" time="60.166" errors="0">
  <testcase name="samplerun" time="30.921" classname="com.org.dapps.frameworkOne.toTest">
    <failure type="java.lang.AssertionError" message="expected [true] but found [false]">
      <![CDATA[java.lang.AssertionError: expected [true] but found [false]
	at pages.contactUs.setOption(contactUs.java:53)
	at com.org.dapps.frameworkOne.toTest.samplerun(toTest.java:24)
... Removed 31 stack frames]]>
    </failure>
  </testcase> <!-- samplerun -->
</testsuite> <!-- Test -->
