<?xml version="1.0" encoding="UTF-8"?>
<!-- Generated by org.testng.reporters.JUnitXMLReporter -->
<testsuite hostname="Deva-Pc" ignored="0" name="Command line test" tests="1" failures="0" timestamp="26 Nov 2017 19:19:33 GMT" time="0.034" errors="0">
  <testcase name="@BeforeTest initialize" time="0.0" classname="com.org.dapps.shopsyFramework.baseTest">
    <failure type="org.testng.TestNGException" message="
Parameter &amp;apos;Browser&amp;apos; is required by BeforeTest on method initialize but has not been marked @Optional or defined
">
      <![CDATA[org.testng.TestNGException: 
Parameter 'Browser' is required by BeforeTest on method initialize but has not been marked @Optional or defined

... Removed 30 stack frames]]>
    </failure>
  </testcase> <!-- @BeforeTest initialize -->
  <testcase name="@AfterTest termination" time="0.0" classname="com.org.dapps.shopsyFramework.baseTest">
    <skipped/>
  </testcase> <!-- @AfterTest termination -->
  <testcase name="samplerun" time="0.001" classname="com.org.dapps.shopsyFramework.toTest">
    <skipped/>
  </testcase> <!-- samplerun -->
</testsuite> <!-- Command line test -->
